Added Component: Designator=7660(DIP-8)
Added Component: Designator=AD620-1(DIP-8)
Added Component: Designator=AD620-2(DIP-8)
Added Component: Designator=AD620-3(DIP-8)
Added Component: Designator=AD620-4(DIP-8)
Added Component: Designator=AD620-5(DIP-8)
Added Component: Designator=C1(RAD-0.3)
Added Component: Designator=C2(RAD-0.3)
Added Component: Designator=C3(RAD-0.3)
Added Component: Designator=C4(RAD-0.3)
Added Component: Designator=C5(RAD-0.3)
Added Component: Designator=C6-1(CAPR5-4X5)
Added Component: Designator=C6-2(CAPR5-4X5)
Added Component: Designator=R1-1(AXIAL-0.3)
Added Component: Designator=R1-2(AXIAL-0.3)
Added Component: Designator=R1-3(AXIAL-0.3)
Added Component: Designator=R1-4(AXIAL-0.3)
Added Component: Designator=R2-1(AXIAL-0.3)
Added Component: Designator=R2-2(AXIAL-0.3)
Added Component: Designator=R2-3(AXIAL-0.3)
Added Component: Designator=R2-4(AXIAL-0.3)
Added Component: Designator=R3-1(AXIAL-0.3)
Added Component: Designator=R3-2(AXIAL-0.3)
Added Component: Designator=R3-3(AXIAL-0.3)
Added Component: Designator=R3-4(AXIAL-0.3)
Added Component: Designator=R4-1(AXIAL-0.3)
Added Component: Designator=R4-2(AXIAL-0.3)
Added Component: Designator=R4-3(AXIAL-0.3)
Added Component: Designator=R4-4(AXIAL-0.3)
Added Component: Designator=R5-1(AXIAL-0.3)
Added Component: Designator=R5-2(AXIAL-0.3)
Added Component: Designator=R5-3(AXIAL-0.3)
Added Component: Designator=R5-4(AXIAL-0.3)
Added Component: Designator=R6(AXIAL-0.3)
Added Pin To Net: NetName=Net7660_2 Pin=7660-2
Added Pin To Net: NetName=GND Pin=7660-3
Added Pin To Net: NetName=Net7660_4 Pin=7660-4
Added Pin To Net: NetName=Net7660_5 Pin=7660-5
Added Pin To Net: NetName=VCC Pin=7660-8
Added Pin To Net: NetName=NetAD620-1_1 Pin=AD620-1-1
Added Pin To Net: NetName=NetAD620-1_2 Pin=AD620-1-2
Added Pin To Net: NetName=NetAD620-1_3 Pin=AD620-1-3
Added Pin To Net: NetName=Net7660_5 Pin=AD620-1-4
Added Pin To Net: NetName=GND Pin=AD620-1-5
Added Pin To Net: NetName=NetAD620-1_6 Pin=AD620-1-6
Added Pin To Net: NetName=VCC Pin=AD620-1-7
Added Pin To Net: NetName=NetAD620-1_8 Pin=AD620-1-8
Added Pin To Net: NetName=NetAD620-2_1 Pin=AD620-2-1
Added Pin To Net: NetName=NetAD620-2_2 Pin=AD620-2-2
Added Pin To Net: NetName=NetAD620-2_3 Pin=AD620-2-3
Added Pin To Net: NetName=Net7660_5 Pin=AD620-2-4
Added Pin To Net: NetName=GND Pin=AD620-2-5
Added Pin To Net: NetName=NetAD620-2_6 Pin=AD620-2-6
Added Pin To Net: NetName=VCC Pin=AD620-2-7
Added Pin To Net: NetName=NetAD620-2_8 Pin=AD620-2-8
Added Pin To Net: NetName=NetAD620-3_1 Pin=AD620-3-1
Added Pin To Net: NetName=NetAD620-3_2 Pin=AD620-3-2
Added Pin To Net: NetName=NetAD620-3_3 Pin=AD620-3-3
Added Pin To Net: NetName=Net7660_5 Pin=AD620-3-4
Added Pin To Net: NetName=GND Pin=AD620-3-5
Added Pin To Net: NetName=NetAD620-3_6 Pin=AD620-3-6
Added Pin To Net: NetName=VCC Pin=AD620-3-7
Added Pin To Net: NetName=NetAD620-3_8 Pin=AD620-3-8
Added Pin To Net: NetName=NetAD620-4_1 Pin=AD620-4-1
Added Pin To Net: NetName=NetAD620-4_2 Pin=AD620-4-2
Added Pin To Net: NetName=NetAD620-4_3 Pin=AD620-4-3
Added Pin To Net: NetName=Net7660_5 Pin=AD620-4-4
Added Pin To Net: NetName=GND Pin=AD620-4-5
Added Pin To Net: NetName=NetAD620-4_6 Pin=AD620-4-6
Added Pin To Net: NetName=VCC Pin=AD620-4-7
Added Pin To Net: NetName=NetAD620-4_8 Pin=AD620-4-8
Added Pin To Net: NetName=NetAD620-5_1 Pin=AD620-5-1
Added Pin To Net: NetName=NetAD620-5_2 Pin=AD620-5-2
Added Pin To Net: NetName=NetAD620-5_3 Pin=AD620-5-3
Added Pin To Net: NetName=Net7660_5 Pin=AD620-5-4
Added Pin To Net: NetName=GND Pin=AD620-5-5
Added Pin To Net: NetName=NetAD620-5_6 Pin=AD620-5-6
Added Pin To Net: NetName=VCC Pin=AD620-5-7
Added Pin To Net: NetName=NetAD620-5_8 Pin=AD620-5-8
Added Pin To Net: NetName=NetC1_1 Pin=C1-1
Added Pin To Net: NetName=GND Pin=C1-2
Added Pin To Net: NetName=NetC2_1 Pin=C2-1
Added Pin To Net: NetName=GND Pin=C2-2
Added Pin To Net: NetName=NetC3_1 Pin=C3-1
Added Pin To Net: NetName=GND Pin=C3-2
Added Pin To Net: NetName=NetC4_1 Pin=C4-1
Added Pin To Net: NetName=GND Pin=C4-2
Added Pin To Net: NetName=NetC5_1 Pin=C5-1
Added Pin To Net: NetName=GND Pin=C5-2
Added Pin To Net: NetName=Net7660_2 Pin=C6-1-1
Added Pin To Net: NetName=Net7660_4 Pin=C6-1-2
Added Pin To Net: NetName=GND Pin=C6-2-1
Added Pin To Net: NetName=Net7660_5 Pin=C6-2-2
Added Pin To Net: NetName=NetR1-1_1 Pin=R1-1-1
Added Pin To Net: NetName=NetAD620-1_2 Pin=R1-1-2
Added Pin To Net: NetName=NetR1-2_1 Pin=R1-2-1
Added Pin To Net: NetName=NetAD620-1_3 Pin=R1-2-2
Added Pin To Net: NetName=GND Pin=R1-3-1
Added Pin To Net: NetName=NetR1-2_1 Pin=R1-3-2
Added Pin To Net: NetName=NetC1_1 Pin=R1-4-1
Added Pin To Net: NetName=NetAD620-1_6 Pin=R1-4-2
Added Pin To Net: NetName=NetR2-1_1 Pin=R2-1-1
Added Pin To Net: NetName=NetAD620-2_2 Pin=R2-1-2
Added Pin To Net: NetName=NetR2-2_1 Pin=R2-2-1
Added Pin To Net: NetName=NetAD620-2_3 Pin=R2-2-2
Added Pin To Net: NetName=GND Pin=R2-3-1
Added Pin To Net: NetName=NetR2-2_1 Pin=R2-3-2
Added Pin To Net: NetName=NetC2_1 Pin=R2-4-1
Added Pin To Net: NetName=NetAD620-2_6 Pin=R2-4-2
Added Pin To Net: NetName=NetR3-1_1 Pin=R3-1-1
Added Pin To Net: NetName=NetAD620-3_2 Pin=R3-1-2
Added Pin To Net: NetName=NetR3-2_1 Pin=R3-2-1
Added Pin To Net: NetName=NetAD620-3_3 Pin=R3-2-2
Added Pin To Net: NetName=GND Pin=R3-3-1
Added Pin To Net: NetName=NetR3-2_1 Pin=R3-3-2
Added Pin To Net: NetName=NetC3_1 Pin=R3-4-1
Added Pin To Net: NetName=NetAD620-3_6 Pin=R3-4-2
Added Pin To Net: NetName=NetR4-1_1 Pin=R4-1-1
Added Pin To Net: NetName=NetAD620-4_2 Pin=R4-1-2
Added Pin To Net: NetName=NetR4-2_1 Pin=R4-2-1
Added Pin To Net: NetName=NetAD620-4_3 Pin=R4-2-2
Added Pin To Net: NetName=GND Pin=R4-3-1
Added Pin To Net: NetName=NetR4-2_1 Pin=R4-3-2
Added Pin To Net: NetName=NetC4_1 Pin=R4-4-1
Added Pin To Net: NetName=NetAD620-4_6 Pin=R4-4-2
Added Pin To Net: NetName=NetR5-1_1 Pin=R5-1-1
Added Pin To Net: NetName=NetAD620-5_2 Pin=R5-1-2
Added Pin To Net: NetName=NetR5-2_1 Pin=R5-2-1
Added Pin To Net: NetName=NetAD620-5_3 Pin=R5-2-2
Added Pin To Net: NetName=GND Pin=R5-3-1
Added Pin To Net: NetName=NetR5-2_1 Pin=R5-3-2
Added Pin To Net: NetName=NetC5_1 Pin=R5-4-1
Added Pin To Net: NetName=NetAD620-5_6 Pin=R5-4-2
Added Pin To Net: NetName=GND Pin=R6-2
Added Member To Class: ClassName=HandTieSchematic Member=Component 7660 SW-DIP4
Added Member To Class: ClassName=HandTieSchematic Member=Component AD620-1 SW-DIP4
Added Member To Class: ClassName=HandTieSchematic Member=Component AD620-2 SW-DIP4
Added Member To Class: ClassName=HandTieSchematic Member=Component AD620-3 SW-DIP4
Added Member To Class: ClassName=HandTieSchematic Member=Component AD620-4 SW-DIP4
Added Member To Class: ClassName=HandTieSchematic Member=Component AD620-5 SW-DIP4
Added Member To Class: ClassName=HandTieSchematic Member=Component C1 Cap
Added Member To Class: ClassName=HandTieSchematic Member=Component C2 Cap
Added Member To Class: ClassName=HandTieSchematic Member=Component C3 Cap
Added Member To Class: ClassName=HandTieSchematic Member=Component C4 Cap
Added Member To Class: ClassName=HandTieSchematic Member=Component C5 Cap
Added Member To Class: ClassName=HandTieSchematic Member=Component C6-1 Cap2
Added Member To Class: ClassName=HandTieSchematic Member=Component C6-2 Cap2
Added Member To Class: ClassName=HandTieSchematic Member=Component R1-1 Res1
Added Member To Class: ClassName=HandTieSchematic Member=Component R1-2 Res1
Added Member To Class: ClassName=HandTieSchematic Member=Component R1-3 Res1
Added Member To Class: ClassName=HandTieSchematic Member=Component R1-4 Res1
Added Member To Class: ClassName=HandTieSchematic Member=Component R2-1 Res1
Added Member To Class: ClassName=HandTieSchematic Member=Component R2-2 Res1
Added Member To Class: ClassName=HandTieSchematic Member=Component R2-3 Res1
Added Member To Class: ClassName=HandTieSchematic Member=Component R2-4 Res1
Added Member To Class: ClassName=HandTieSchematic Member=Component R3-1 Res1
Added Member To Class: ClassName=HandTieSchematic Member=Component R3-2 Res1
Added Member To Class: ClassName=HandTieSchematic Member=Component R3-3 Res1
Added Member To Class: ClassName=HandTieSchematic Member=Component R3-4 Res1
Added Member To Class: ClassName=HandTieSchematic Member=Component R4-1 Res1
Added Member To Class: ClassName=HandTieSchematic Member=Component R4-2 Res1
Added Member To Class: ClassName=HandTieSchematic Member=Component R4-3 Res1
Added Member To Class: ClassName=HandTieSchematic Member=Component R4-4 Res1
Added Member To Class: ClassName=HandTieSchematic Member=Component R5-1 Res1
Added Member To Class: ClassName=HandTieSchematic Member=Component R5-2 Res1
Added Member To Class: ClassName=HandTieSchematic Member=Component R5-3 Res1
Added Member To Class: ClassName=HandTieSchematic Member=Component R5-4 Res1
Added Member To Class: ClassName=HandTieSchematic Member=Component R6 Res1
Added Room: Name=HandTieSchematic
