Added Component: Designator=AD620-1(DIP-8)
Added Component: Designator=AD620-2(DIP-8)
Added Component: Designator=AD620-3(DIP-8)
Added Component: Designator=AD620-4(DIP-8)
Added Component: Designator=AD620(DIP-8)
Added Component: Designator=C1(RAD-0.3)
Added Component: Designator=C2(RAD-0.3)
Added Component: Designator=C3(RAD-0.3)
Added Component: Designator=C4(RAD-0.3)
Added Component: Designator=C5(RAD-0.3)
Added Component: Designator=Pin(HDR1X20)
Added Component: Designator=R1-1(AXIAL-0.3)
Added Component: Designator=R1-2(AXIAL-0.3)
Added Component: Designator=R1-3(AXIAL-0.3)
Added Component: Designator=R1-4(AXIAL-0.3)
Added Component: Designator=R2-1(AXIAL-0.3)
Added Component: Designator=R2-2(AXIAL-0.3)
Added Component: Designator=R2-3(AXIAL-0.3)
Added Component: Designator=R2-4(AXIAL-0.3)
Added Component: Designator=R3-1(AXIAL-0.3)
Added Component: Designator=R3-2(AXIAL-0.3)
Added Component: Designator=R3-3(AXIAL-0.3)
Added Component: Designator=R3-4(AXIAL-0.3)
Added Component: Designator=R4-1(AXIAL-0.3)
Added Component: Designator=R4-2(AXIAL-0.3)
Added Component: Designator=R4-3(AXIAL-0.3)
Added Component: Designator=R4-4(AXIAL-0.3)
Added Component: Designator=R5-1(AXIAL-0.3)
Added Component: Designator=R5-2(AXIAL-0.3)
Added Component: Designator=R5-3(AXIAL-0.3)
Added Component: Designator=R5-4(AXIAL-0.3)
Added Component: Designator=R6(AXIAL-0.3)
Added Pin To Net: NetName=GND Pin=AD620-1-5
Added Pin To Net: NetName=GND Pin=AD620-2-5
Added Pin To Net: NetName=GND Pin=AD620-3-5
Added Pin To Net: NetName=GND Pin=AD620-4-5
Added Pin To Net: NetName=GND Pin=AD620-5
Added Pin To Net: NetName=GND Pin=C1-2
Added Pin To Net: NetName=GND Pin=C2-2
Added Pin To Net: NetName=GND Pin=C3-2
Added Pin To Net: NetName=GND Pin=C4-2
Added Pin To Net: NetName=GND Pin=C5-2
Added Pin To Net: NetName=GND Pin=Pin-2
Added Pin To Net: NetName=GND Pin=R1-3-1
Added Pin To Net: NetName=GND Pin=R2-3-1
Added Pin To Net: NetName=GND Pin=R3-3-1
Added Pin To Net: NetName=GND Pin=R4-3-1
Added Pin To Net: NetName=GND Pin=R5-3-1
Added Pin To Net: NetName=GND Pin=R6-2
Added Net: Name=GND
Added Pin To Net: NetName=NetAD620-1_2 Pin=AD620-1-2
Added Pin To Net: NetName=NetAD620-1_2 Pin=Pin-5
Added Pin To Net: NetName=NetAD620-1_2 Pin=R1-1-2
Added Net: Name=NetAD620-1_2
Added Pin To Net: NetName=NetAD620-1_3 Pin=AD620-1-3
Added Pin To Net: NetName=NetAD620-1_3 Pin=R1-2-2
Added Net: Name=NetAD620-1_3
Added Pin To Net: NetName=NetAD620-1_4 Pin=AD620-1-4
Added Pin To Net: NetName=NetAD620-1_4 Pin=AD620-2-4
Added Pin To Net: NetName=NetAD620-1_4 Pin=AD620-3-4
Added Pin To Net: NetName=NetAD620-1_4 Pin=AD620-4
Added Pin To Net: NetName=NetAD620-1_4 Pin=AD620-4-4
Added Net: Name=NetAD620-1_4
Added Pin To Net: NetName=NetAD620-1_6 Pin=AD620-1-6
Added Pin To Net: NetName=NetAD620-1_6 Pin=R1-4-2
Added Net: Name=NetAD620-1_6
Added Pin To Net: NetName=NetAD620-2_2 Pin=AD620-2-2
Added Pin To Net: NetName=NetAD620-2_2 Pin=Pin-7
Added Pin To Net: NetName=NetAD620-2_2 Pin=R2-1-2
Added Net: Name=NetAD620-2_2
Added Pin To Net: NetName=NetAD620-2_3 Pin=AD620-2-3
Added Pin To Net: NetName=NetAD620-2_3 Pin=R2-2-2
Added Net: Name=NetAD620-2_3
Added Pin To Net: NetName=NetAD620-2_6 Pin=AD620-2-6
Added Pin To Net: NetName=NetAD620-2_6 Pin=R2-4-2
Added Net: Name=NetAD620-2_6
Added Pin To Net: NetName=NetAD620-3_2 Pin=AD620-3-2
Added Pin To Net: NetName=NetAD620-3_2 Pin=Pin-9
Added Pin To Net: NetName=NetAD620-3_2 Pin=R3-1-2
Added Net: Name=NetAD620-3_2
Added Pin To Net: NetName=NetAD620-3_3 Pin=AD620-3-3
Added Pin To Net: NetName=NetAD620-3_3 Pin=R3-2-2
Added Net: Name=NetAD620-3_3
Added Pin To Net: NetName=NetAD620-3_6 Pin=AD620-3-6
Added Pin To Net: NetName=NetAD620-3_6 Pin=R3-4-2
Added Net: Name=NetAD620-3_6
Added Pin To Net: NetName=NetAD620-4_2 Pin=AD620-4-2
Added Pin To Net: NetName=NetAD620-4_2 Pin=Pin-11
Added Pin To Net: NetName=NetAD620-4_2 Pin=R4-1-2
Added Net: Name=NetAD620-4_2
Added Pin To Net: NetName=NetAD620-4_3 Pin=AD620-4-3
Added Pin To Net: NetName=NetAD620-4_3 Pin=R4-2-2
Added Net: Name=NetAD620-4_3
Added Pin To Net: NetName=NetAD620-4_6 Pin=AD620-4-6
Added Pin To Net: NetName=NetAD620-4_6 Pin=R4-4-2
Added Net: Name=NetAD620-4_6
Added Pin To Net: NetName=NetAD620_2 Pin=AD620-2
Added Pin To Net: NetName=NetAD620_2 Pin=Pin-13
Added Pin To Net: NetName=NetAD620_2 Pin=R5-1-2
Added Net: Name=NetAD620_2
Added Pin To Net: NetName=NetAD620_3 Pin=AD620-3
Added Pin To Net: NetName=NetAD620_3 Pin=R5-2-2
Added Net: Name=NetAD620_3
Added Pin To Net: NetName=NetAD620_6 Pin=AD620-6
Added Pin To Net: NetName=NetAD620_6 Pin=R5-4-2
Added Net: Name=NetAD620_6
Added Pin To Net: NetName=NetC1_1 Pin=C1-1
Added Pin To Net: NetName=NetC1_1 Pin=Pin-14
Added Pin To Net: NetName=NetC1_1 Pin=R1-4-1
Added Net: Name=NetC1_1
Added Pin To Net: NetName=NetC2_1 Pin=C2-1
Added Pin To Net: NetName=NetC2_1 Pin=Pin-15
Added Pin To Net: NetName=NetC2_1 Pin=R2-4-1
Added Net: Name=NetC2_1
Added Pin To Net: NetName=NetC3_1 Pin=C3-1
Added Pin To Net: NetName=NetC3_1 Pin=Pin-16
Added Pin To Net: NetName=NetC3_1 Pin=R3-4-1
Added Net: Name=NetC3_1
Added Pin To Net: NetName=NetC4_1 Pin=C4-1
Added Pin To Net: NetName=NetC4_1 Pin=Pin-17
Added Pin To Net: NetName=NetC4_1 Pin=R4-4-1
Added Net: Name=NetC4_1
Added Pin To Net: NetName=NetC5_1 Pin=C5-1
Added Pin To Net: NetName=NetC5_1 Pin=Pin-18
Added Pin To Net: NetName=NetC5_1 Pin=R5-4-1
Added Net: Name=NetC5_1
Added Pin To Net: NetName=NetPin_20 Pin=Pin-20
Added Pin To Net: NetName=NetPin_20 Pin=R6-1
Added Net: Name=NetPin_20
Added Pin To Net: NetName=NetR1-2_1 Pin=R1-2-1
Added Pin To Net: NetName=NetR1-2_1 Pin=R1-3-2
Added Net: Name=NetR1-2_1
Added Pin To Net: NetName=NetR2-2_1 Pin=R2-2-1
Added Pin To Net: NetName=NetR2-2_1 Pin=R2-3-2
Added Net: Name=NetR2-2_1
Added Pin To Net: NetName=NetR3-2_1 Pin=R3-2-1
Added Pin To Net: NetName=NetR3-2_1 Pin=R3-3-2
Added Net: Name=NetR3-2_1
Added Pin To Net: NetName=NetR4-2_1 Pin=R4-2-1
Added Pin To Net: NetName=NetR4-2_1 Pin=R4-3-2
Added Net: Name=NetR4-2_1
Added Pin To Net: NetName=NetR5-2_1 Pin=R5-2-1
Added Pin To Net: NetName=NetR5-2_1 Pin=R5-3-2
Added Net: Name=NetR5-2_1
Added Pin To Net: NetName=VCC Pin=AD620-1-7
Added Pin To Net: NetName=VCC Pin=AD620-2-7
Added Pin To Net: NetName=VCC Pin=AD620-3-7
Added Pin To Net: NetName=VCC Pin=AD620-4-7
Added Pin To Net: NetName=VCC Pin=AD620-7
Added Pin To Net: NetName=VCC Pin=Pin-1
Added Pin To Net: NetName=VCC Pin=Pin-4
Added Pin To Net: NetName=VCC Pin=Pin-6
Added Pin To Net: NetName=VCC Pin=Pin-8
Added Pin To Net: NetName=VCC Pin=Pin-10
Added Pin To Net: NetName=VCC Pin=Pin-12
Added Net: Name=VCC
Added Class: Name=HandTieSchematic
Added Room: Name=HandTieSchematic
