Added Component: Designator=7660(DIP-8)
Added Component: Designator=AD620-1(DIP-8)
Added Component: Designator=AD620-2(DIP-8)
Added Component: Designator=AD620-3(DIP-8)
Added Component: Designator=AD620-4(DIP-8)
Added Component: Designator=AD620-5(DIP-8)
Added Component: Designator=ARDNANO(ARDNANO_DIP30)
Added Component: Designator=C1(CAPR2.54-5.1x3.2)
Added Component: Designator=C2(CAPR2.54-5.1x3.2)
Added Component: Designator=C3(CAPR2.54-5.1x3.2)
Added Component: Designator=C4(CAPR2.54-5.1x3.2)
Added Component: Designator=C5(CAPR2.54-5.1x3.2)
Added Component: Designator=C6-1(CAPR5-4X5)
Added Component: Designator=C6-2(CAPR5-4X5)
Added Component: Designator=Linkit_One(Linkit_One)
Added Component: Designator=P1(HDR2X5)
Added Component: Designator=P2(HDR1X4)
Added Component: Designator=R1-1(AXIAL-0.3)
Added Component: Designator=R1-2(AXIAL-0.3)
Added Component: Designator=R1-3(AXIAL-0.3)
Added Component: Designator=R1-4(AXIAL-0.3)
Added Component: Designator=R2-1(AXIAL-0.3)
Added Component: Designator=R2-2(AXIAL-0.3)
Added Component: Designator=R2-3(AXIAL-0.3)
Added Component: Designator=R2-4(AXIAL-0.3)
Added Component: Designator=R3-1(AXIAL-0.3)
Added Component: Designator=R3-2(AXIAL-0.3)
Added Component: Designator=R3-3(AXIAL-0.3)
Added Component: Designator=R3-4(AXIAL-0.3)
Added Component: Designator=R4-1(AXIAL-0.3)
Added Component: Designator=R4-2(AXIAL-0.3)
Added Component: Designator=R4-3(AXIAL-0.3)
Added Component: Designator=R4-4(AXIAL-0.3)
Added Component: Designator=R5-1(AXIAL-0.3)
Added Component: Designator=R5-2(AXIAL-0.3)
Added Component: Designator=R5-3(AXIAL-0.3)
Added Component: Designator=R5-4(AXIAL-0.3)
Added Component: Designator=R6(AXIAL-0.3)
Added Component: Designator=VR1-101(VarResistor)
Added Component: Designator=VR1-201(VarResistor)
Added Component: Designator=VR2-101(VarResistor)
Added Component: Designator=VR2-201(VarResistor)
Added Component: Designator=VR3-101(VarResistor)
Added Component: Designator=VR3-201(VarResistor)
Added Component: Designator=VR4-101(VarResistor)
Added Component: Designator=VR4-201(VarResistor)
Added Component: Designator=VR5-101(VarResistor)
Added Component: Designator=VR5-201(VarResistor)
Added Pin To Net: NetName=GND2 Pin=Linkit_One-29
Added Pin To Net: NetName=GND2 Pin=VR1-101-2
Added Pin To Net: NetName=GND2 Pin=VR2-101-2
Added Pin To Net: NetName=GND2 Pin=VR3-101-2
Added Pin To Net: NetName=GND2 Pin=VR4-101-2
Added Pin To Net: NetName=GND2 Pin=VR5-101-2
Added Net: Name=GND2
Added Pin To Net: NetName=GND Pin=7660-3
Added Pin To Net: NetName=GND Pin=AD620-1-5
Added Pin To Net: NetName=GND Pin=AD620-2-5
Added Pin To Net: NetName=GND Pin=AD620-3-5
Added Pin To Net: NetName=GND Pin=AD620-4-5
Added Pin To Net: NetName=GND Pin=AD620-5-5
Added Pin To Net: NetName=GND Pin=ARDNANO-29
Added Pin To Net: NetName=GND Pin=C1-2
Added Pin To Net: NetName=GND Pin=C2-2
Added Pin To Net: NetName=GND Pin=C3-2
Added Pin To Net: NetName=GND Pin=C4-2
Added Pin To Net: NetName=GND Pin=C5-2
Added Pin To Net: NetName=GND Pin=C6-2-1
Added Pin To Net: NetName=GND Pin=Linkit_One-6
Added Pin To Net: NetName=GND Pin=Linkit_One-7
Added Pin To Net: NetName=GND Pin=P2-2
Added Pin To Net: NetName=GND Pin=R1-3-1
Added Pin To Net: NetName=GND Pin=R2-3-1
Added Pin To Net: NetName=GND Pin=R3-3-1
Added Pin To Net: NetName=GND Pin=R4-3-1
Added Pin To Net: NetName=GND Pin=R5-3-1
Added Pin To Net: NetName=GND Pin=R6-2
Added Net: Name=GND
Added Pin To Net: NetName=Net7660_2 Pin=7660-2
Added Pin To Net: NetName=Net7660_2 Pin=C6-1-1
Added Net: Name=Net7660_2
Added Pin To Net: NetName=Net7660_4 Pin=7660-4
Added Pin To Net: NetName=Net7660_4 Pin=C6-1-2
Added Net: Name=Net7660_4
Added Pin To Net: NetName=Net7660_5 Pin=7660-5
Added Pin To Net: NetName=Net7660_5 Pin=AD620-1-4
Added Pin To Net: NetName=Net7660_5 Pin=AD620-2-4
Added Pin To Net: NetName=Net7660_5 Pin=AD620-3-4
Added Pin To Net: NetName=Net7660_5 Pin=AD620-4-4
Added Pin To Net: NetName=Net7660_5 Pin=AD620-5-4
Added Pin To Net: NetName=Net7660_5 Pin=C6-2-2
Added Net: Name=Net7660_5
Added Pin To Net: NetName=NetAD620-1_1 Pin=AD620-1-1
Added Pin To Net: NetName=NetAD620-1_1 Pin=VR1-201-3
Added Net: Name=NetAD620-1_1
Added Pin To Net: NetName=NetAD620-1_2 Pin=AD620-1-2
Added Pin To Net: NetName=NetAD620-1_2 Pin=P1-10
Added Pin To Net: NetName=NetAD620-1_2 Pin=R1-1-2
Added Net: Name=NetAD620-1_2
Added Pin To Net: NetName=NetAD620-1_3 Pin=AD620-1-3
Added Pin To Net: NetName=NetAD620-1_3 Pin=R1-2-2
Added Net: Name=NetAD620-1_3
Added Pin To Net: NetName=NetAD620-1_6 Pin=AD620-1-6
Added Pin To Net: NetName=NetAD620-1_6 Pin=R1-4-2
Added Net: Name=NetAD620-1_6
Added Pin To Net: NetName=NetAD620-1_8 Pin=AD620-1-8
Added Pin To Net: NetName=NetAD620-1_8 Pin=VR1-201-2
Added Net: Name=NetAD620-1_8
Added Pin To Net: NetName=NetAD620-2_1 Pin=AD620-2-1
Added Pin To Net: NetName=NetAD620-2_1 Pin=VR2-201-3
Added Net: Name=NetAD620-2_1
Added Pin To Net: NetName=NetAD620-2_2 Pin=AD620-2-2
Added Pin To Net: NetName=NetAD620-2_2 Pin=P1-8
Added Pin To Net: NetName=NetAD620-2_2 Pin=R2-1-2
Added Net: Name=NetAD620-2_2
Added Pin To Net: NetName=NetAD620-2_3 Pin=AD620-2-3
Added Pin To Net: NetName=NetAD620-2_3 Pin=R2-2-2
Added Net: Name=NetAD620-2_3
Added Pin To Net: NetName=NetAD620-2_6 Pin=AD620-2-6
Added Pin To Net: NetName=NetAD620-2_6 Pin=R2-4-2
Added Net: Name=NetAD620-2_6
Added Pin To Net: NetName=NetAD620-2_8 Pin=AD620-2-8
Added Pin To Net: NetName=NetAD620-2_8 Pin=VR2-201-2
Added Net: Name=NetAD620-2_8
Added Pin To Net: NetName=NetAD620-3_1 Pin=AD620-3-1
Added Pin To Net: NetName=NetAD620-3_1 Pin=VR3-201-3
Added Net: Name=NetAD620-3_1
Added Pin To Net: NetName=NetAD620-3_2 Pin=AD620-3-2
Added Pin To Net: NetName=NetAD620-3_2 Pin=P1-6
Added Pin To Net: NetName=NetAD620-3_2 Pin=R3-1-2
Added Net: Name=NetAD620-3_2
Added Pin To Net: NetName=NetAD620-3_3 Pin=AD620-3-3
Added Pin To Net: NetName=NetAD620-3_3 Pin=R3-2-2
Added Net: Name=NetAD620-3_3
Added Pin To Net: NetName=NetAD620-3_6 Pin=AD620-3-6
Added Pin To Net: NetName=NetAD620-3_6 Pin=R3-4-2
Added Net: Name=NetAD620-3_6
Added Pin To Net: NetName=NetAD620-3_8 Pin=AD620-3-8
Added Pin To Net: NetName=NetAD620-3_8 Pin=VR3-201-2
Added Net: Name=NetAD620-3_8
Added Pin To Net: NetName=NetAD620-4_1 Pin=AD620-4-1
Added Pin To Net: NetName=NetAD620-4_1 Pin=VR4-201-3
Added Net: Name=NetAD620-4_1
Added Pin To Net: NetName=NetAD620-4_2 Pin=AD620-4-2
Added Pin To Net: NetName=NetAD620-4_2 Pin=P1-4
Added Pin To Net: NetName=NetAD620-4_2 Pin=R4-1-2
Added Net: Name=NetAD620-4_2
Added Pin To Net: NetName=NetAD620-4_3 Pin=AD620-4-3
Added Pin To Net: NetName=NetAD620-4_3 Pin=R4-2-2
Added Net: Name=NetAD620-4_3
Added Pin To Net: NetName=NetAD620-4_6 Pin=AD620-4-6
Added Pin To Net: NetName=NetAD620-4_6 Pin=R4-4-2
Added Net: Name=NetAD620-4_6
Added Pin To Net: NetName=NetAD620-4_8 Pin=AD620-4-8
Added Pin To Net: NetName=NetAD620-4_8 Pin=VR4-201-2
Added Net: Name=NetAD620-4_8
Added Pin To Net: NetName=NetAD620-5_1 Pin=AD620-5-1
Added Pin To Net: NetName=NetAD620-5_1 Pin=VR5-201-3
Added Net: Name=NetAD620-5_1
Added Pin To Net: NetName=NetAD620-5_2 Pin=AD620-5-2
Added Pin To Net: NetName=NetAD620-5_2 Pin=P1-2
Added Pin To Net: NetName=NetAD620-5_2 Pin=R5-1-2
Added Net: Name=NetAD620-5_2
Added Pin To Net: NetName=NetAD620-5_3 Pin=AD620-5-3
Added Pin To Net: NetName=NetAD620-5_3 Pin=R5-2-2
Added Net: Name=NetAD620-5_3
Added Pin To Net: NetName=NetAD620-5_6 Pin=AD620-5-6
Added Pin To Net: NetName=NetAD620-5_6 Pin=R5-4-2
Added Net: Name=NetAD620-5_6
Added Pin To Net: NetName=NetAD620-5_8 Pin=AD620-5-8
Added Pin To Net: NetName=NetAD620-5_8 Pin=VR5-201-2
Added Net: Name=NetAD620-5_8
Added Pin To Net: NetName=NetARDNANO_1 Pin=ARDNANO-1
Added Pin To Net: NetName=NetARDNANO_1 Pin=Linkit_One-16
Added Net: Name=NetARDNANO_1
Added Pin To Net: NetName=NetARDNANO_2 Pin=ARDNANO-2
Added Pin To Net: NetName=NetARDNANO_2 Pin=Linkit_One-15
Added Net: Name=NetARDNANO_2
Added Pin To Net: NetName=NetARDNANO_7 Pin=ARDNANO-7
Added Pin To Net: NetName=NetARDNANO_7 Pin=P2-4
Added Net: Name=NetARDNANO_7
Added Pin To Net: NetName=NetARDNANO_8 Pin=ARDNANO-8
Added Pin To Net: NetName=NetARDNANO_8 Pin=P2-3
Added Net: Name=NetARDNANO_8
Added Pin To Net: NetName=NetARDNANO_15 Pin=ARDNANO-15
Added Pin To Net: NetName=NetARDNANO_15 Pin=R6-1
Added Net: Name=NetARDNANO_15
Added Pin To Net: NetName=NetARDNANO_17 Pin=ARDNANO-17
Added Pin To Net: NetName=NetARDNANO_17 Pin=P2-1
Added Net: Name=NetARDNANO_17
Added Pin To Net: NetName=NetARDNANO_19 Pin=ARDNANO-19
Added Pin To Net: NetName=NetARDNANO_19 Pin=C5-1
Added Pin To Net: NetName=NetARDNANO_19 Pin=R5-4-1
Added Net: Name=NetARDNANO_19
Added Pin To Net: NetName=NetARDNANO_20 Pin=ARDNANO-20
Added Pin To Net: NetName=NetARDNANO_20 Pin=C4-1
Added Pin To Net: NetName=NetARDNANO_20 Pin=R4-4-1
Added Net: Name=NetARDNANO_20
Added Pin To Net: NetName=NetARDNANO_21 Pin=ARDNANO-21
Added Pin To Net: NetName=NetARDNANO_21 Pin=C3-1
Added Pin To Net: NetName=NetARDNANO_21 Pin=R3-4-1
Added Net: Name=NetARDNANO_21
Added Pin To Net: NetName=NetARDNANO_22 Pin=ARDNANO-22
Added Pin To Net: NetName=NetARDNANO_22 Pin=C2-1
Added Pin To Net: NetName=NetARDNANO_22 Pin=R2-4-1
Added Net: Name=NetARDNANO_22
Added Pin To Net: NetName=NetARDNANO_23 Pin=ARDNANO-23
Added Pin To Net: NetName=NetARDNANO_23 Pin=C1-1
Added Pin To Net: NetName=NetARDNANO_23 Pin=R1-4-1
Added Net: Name=NetARDNANO_23
Added Pin To Net: NetName=NetARDNANO_30 Pin=ARDNANO-30
Added Pin To Net: NetName=NetARDNANO_30 Pin=Linkit_One-5
Added Net: Name=NetARDNANO_30
Added Pin To Net: NetName=NetR1-1_1 Pin=R1-1-1
Added Pin To Net: NetName=NetR1-1_1 Pin=VR1-101-3
Added Net: Name=NetR1-1_1
Added Pin To Net: NetName=NetR1-2_1 Pin=R1-2-1
Added Pin To Net: NetName=NetR1-2_1 Pin=R1-3-2
Added Net: Name=NetR1-2_1
Added Pin To Net: NetName=NetR2-1_1 Pin=R2-1-1
Added Pin To Net: NetName=NetR2-1_1 Pin=VR2-101-3
Added Net: Name=NetR2-1_1
Added Pin To Net: NetName=NetR2-2_1 Pin=R2-2-1
Added Pin To Net: NetName=NetR2-2_1 Pin=R2-3-2
Added Net: Name=NetR2-2_1
Added Pin To Net: NetName=NetR3-1_1 Pin=R3-1-1
Added Pin To Net: NetName=NetR3-1_1 Pin=VR3-101-3
Added Net: Name=NetR3-1_1
Added Pin To Net: NetName=NetR3-2_1 Pin=R3-2-1
Added Pin To Net: NetName=NetR3-2_1 Pin=R3-3-2
Added Net: Name=NetR3-2_1
Added Pin To Net: NetName=NetR4-1_1 Pin=R4-1-1
Added Pin To Net: NetName=NetR4-1_1 Pin=VR4-101-3
Added Net: Name=NetR4-1_1
Added Pin To Net: NetName=NetR4-2_1 Pin=R4-2-1
Added Pin To Net: NetName=NetR4-2_1 Pin=R4-3-2
Added Net: Name=NetR4-2_1
Added Pin To Net: NetName=NetR5-1_1 Pin=R5-1-1
Added Pin To Net: NetName=NetR5-1_1 Pin=VR5-101-3
Added Net: Name=NetR5-1_1
Added Pin To Net: NetName=NetR5-2_1 Pin=R5-2-1
Added Pin To Net: NetName=NetR5-2_1 Pin=R5-3-2
Added Net: Name=NetR5-2_1
Added Pin To Net: NetName=VCC Pin=7660-8
Added Pin To Net: NetName=VCC Pin=AD620-1-7
Added Pin To Net: NetName=VCC Pin=AD620-2-7
Added Pin To Net: NetName=VCC Pin=AD620-3-7
Added Pin To Net: NetName=VCC Pin=AD620-4-7
Added Pin To Net: NetName=VCC Pin=AD620-5-7
Added Pin To Net: NetName=VCC Pin=ARDNANO-27
Added Pin To Net: NetName=VCC Pin=P1-1
Added Pin To Net: NetName=VCC Pin=P1-3
Added Pin To Net: NetName=VCC Pin=P1-5
Added Pin To Net: NetName=VCC Pin=P1-7
Added Pin To Net: NetName=VCC Pin=P1-9
Added Net: Name=VCC
Added Class: Name=HandTieSchematic
Added Room: Name=HandTieSchematic
