Removed Pin From Net: NetName=NetARDNANO_19 Pin=C1-1
Removed Pin From Net: NetName=NetARDNANO_20 Pin=C2-1
Removed Pin From Net: NetName=NetARDNANO_22 Pin=C4-1
Removed Pin From Net: NetName=NetARDNANO_23 Pin=C5-1
Removed Pin From Net: NetName=NetAD620-1_2 Pin=P1-2
Removed Pin From Net: NetName=NetAD620-2_2 Pin=P1-4
Removed Pin From Net: NetName=NetAD620-4_2 Pin=P1-8
Removed Pin From Net: NetName=NetAD620-5_2 Pin=P1-10
Removed Pin From Net: NetName=NetARDNANO_19 Pin=R1-4-1
Removed Pin From Net: NetName=NetARDNANO_20 Pin=R2-4-1
Removed Pin From Net: NetName=NetARDNANO_22 Pin=R4-4-1
Removed Pin From Net: NetName=NetARDNANO_23 Pin=R5-4-1
Added Pin To Net: NetName=NetARDNANO_23 Pin=C1-1
Added Pin To Net: NetName=NetARDNANO_22 Pin=C2-1
Added Pin To Net: NetName=NetARDNANO_20 Pin=C4-1
Added Pin To Net: NetName=NetARDNANO_19 Pin=C5-1
Added Pin To Net: NetName=NetAD620-5_2 Pin=P1-2
Added Pin To Net: NetName=NetAD620-4_2 Pin=P1-4
Added Pin To Net: NetName=NetAD620-2_2 Pin=P1-8
Added Pin To Net: NetName=NetAD620-1_2 Pin=P1-10
Added Pin To Net: NetName=NetARDNANO_23 Pin=R1-4-1
Added Pin To Net: NetName=NetARDNANO_22 Pin=R2-4-1
Added Pin To Net: NetName=NetARDNANO_20 Pin=R4-4-1
Added Pin To Net: NetName=NetARDNANO_19 Pin=R5-4-1
Added Room: Name=HandTieSchematic
